d:\comp3931\modelessdialog\x64\debug\vc142.pdb
d:\comp3931\modelessdialog\x64\debug\vc142.idb
d:\comp3931\wave analyzer\modelessdialog\x64\debug\vc142.pdb
d:\comp3931\wave analyzer\modelessdialog\x64\debug\vc142.idb
d:\comp3931\wave analyzer\modelessdialog\x64\debug\modelessdialog.obj
d:\comp3931\modelessdialog\x64\debug\modelessdialog.lib
d:\comp3931\modelessdialog\x64\debug\modelessdialog.exp
d:\comp3931\wave analyzer\x64\debug\modelessdialog.lib
d:\comp3931\wave analyzer\x64\debug\modelessdialog.exp
c:\users\joshua\comp3931---final-project\x64\debug\modelessdialog.lib
c:\users\joshua\comp3931---final-project\x64\debug\modelessdialog.exp
c:\users\joshua\comp3931---final-project\waveanalyzer\bin\debug\netcoreapp3.1\modelessdialog.lib
c:\users\joshua\comp3931---final-project\waveanalyzer\bin\debug\netcoreapp3.1\modelessdialog.exp
d:\comp3931\wave analyzer\modelessdialog\waveanalyzer\bin\debug\netcoreapp3.1\modelessdialog.lib
d:\comp3931\wave analyzer\modelessdialog\waveanalyzer\bin\debug\netcoreapp3.1\modelessdialog.exp
d:\comp3931\modelessdialog\x64\debug\modelessdialog.ilk
d:\comp3931\modelessdialog\x64\debug\modelessdialog.dll
d:\comp3931\modelessdialog\x64\debug\modelessdialog.pdb
d:\comp3931\wave analyzer\modelessdialog\x64\debug\modelessdialog.ilk
d:\comp3931\wave analyzer\modelessdialog\waveanalyzer\bin\debug\netcoreapp3.1\modelessdialog.dll
d:\comp3931\wave analyzer\modelessdialog\waveanalyzer\bin\debug\netcoreapp3.1\modelessdialog.pdb
d:\comp3931\modelessdialog\x64\debug\modelessdialog.res
d:\comp3931\modelessdialog\x64\debug\record.res
d:\comp3931\wave analyzer\modelessdialog\x64\debug\modelessdialog.res
d:\comp3931\wave analyzer\modelessdialog\x64\debug\record.res
d:\comp3931\wave analyzer\modelessdialog\x64\debug\modelessdialog.tlog\cl.command.1.tlog
d:\comp3931\wave analyzer\modelessdialog\x64\debug\modelessdialog.tlog\cl.read.1.tlog
d:\comp3931\wave analyzer\modelessdialog\x64\debug\modelessdialog.tlog\cl.write.1.tlog
d:\comp3931\wave analyzer\modelessdialog\x64\debug\modelessdialog.tlog\modelessdialog.write.1u.tlog
d:\comp3931\wave analyzer\modelessdialog\x64\debug\modelessdialog.tlog\link.11364.delete.1.tlog
d:\comp3931\wave analyzer\modelessdialog\x64\debug\modelessdialog.tlog\link.7772.delete.1.tlog
d:\comp3931\wave analyzer\modelessdialog\x64\debug\modelessdialog.tlog\link.command.1.tlog
d:\comp3931\wave analyzer\modelessdialog\x64\debug\modelessdialog.tlog\link.read.1.tlog
d:\comp3931\wave analyzer\modelessdialog\x64\debug\modelessdialog.tlog\link.write.1.tlog
d:\comp3931\wave analyzer\modelessdialog\x64\debug\modelessdialog.tlog\rc.command.1.tlog
d:\comp3931\wave analyzer\modelessdialog\x64\debug\modelessdialog.tlog\rc.read.1.tlog
d:\comp3931\wave analyzer\modelessdialog\x64\debug\modelessdialog.tlog\rc.write.1.tlog
